make all --print-data-base --no-builtin-variables --no-builtin-rules --question
# GNU Make 3.81
# Copyright (C) 2006  Free Software Foundation, Inc.
# This is free software; see the source for copying conditions.
# There is NO warranty; not even for MERCHANTABILITY or FITNESS FOR A
# PARTICULAR PURPOSE.

# This program built for i386-apple-darwin11.3.0

# Make data base, printed on Thu Mar 26 10:19:27 2026

# Variables

# automatic
<D = $(patsubst %/,%,$(dir $<))
# automatic
?F = $(notdir $?)
# environment
VSCODE_CRASH_REPORTER_PROCESS_TYPE = extensionHost
# automatic
?D = $(patsubst %/,%,$(dir $?))
# automatic
@D = $(patsubst %/,%,$(dir $@))
# automatic
@F = $(notdir $@)
# makefile
CURDIR := /Users/arkSong/workspace/OpenClaw+
# makefile
SHELL = /bin/sh
# environment
VSCODE_NLS_CONFIG = {"userLocale":"zh-cn","osLocale":"zh-cn","resolvedLanguage":"en","defaultMessagesFile":"/Applications/Windsurf.app/Contents/Resources/app/out/nls.messages.json","locale":"zh-cn","availableLanguages":{}}
# environment
_ = /usr/bin/make
# environment
WALLABY_PRODUCTION = true
# makefile (from `Makefile', line 1)
MAKEFILE_LIST :=  Makefile
# makefile (from `Makefile', line 54)
GATEWAY := target/release/openclaw-plugin-gateway
# environment
__CFBundleIdentifier = com.exafunction.windsurf
# environment
VSCODE_CWD = /
# makefile (from `Makefile', line 55)
STORE := target/release/openclaw-store
# makefile (from `Makefile', line 59)
APP_BUNDLE := /tmp/OpenClawStore.app
# environment
PATH = /usr/bin:/bin:/usr/sbin:/sbin
# environment
LOG_DST = /Users/arkSong/Library/Application Support/Windsurf/logs/20260326T101849/window1/exthost/dendron.dendron/dendron.log
# environment
LOG_LEVEL = info
# environment
LaunchInstanceID = C210300C-A765-43AB-9045-E4B9C0EDB195
# environment
ELECTRON_RUN_AS_NODE = 1
# makefile (from `Makefile', line 24)
PORT := 54321
# default
.FEATURES := target-specific order-only second-expansion else-if archives jobserver check-symlink
# makefile (from `Makefile', line 151)
UI_BINARY := target/release/openclaw-plus
# environment
SSH_AUTH_SOCK = /private/tmp/com.apple.launchd.2eGxds0J2G/Listeners
# automatic
%F = $(notdir $%)
# environment
DISPLAY = /private/tmp/com.apple.launchd.DWtqSXgbgQ/org.xquartz:0
# environment
PWD = /Users/arkSong/workspace/OpenClaw+
# environment
OSLogRateLimit = 64
# environment
HOME = /Users/arkSong
# default
MAKEFILEPATH := /Applications/Xcode.app/Contents/Developer/Makefiles
# environment
VSCODE_CODE_CACHE_PATH = /Users/arkSong/Library/Application Support/Windsurf/CachedData/73ca2d6aa880de1bc504ad960c1ab79c9248d476
# environment
LOGNAME = zhiliangyang
# environment
APPLICATION_INSIGHTS_NO_DIAGNOSTIC_CHANNEL = true
# environment
VSCODE_HANDLES_UNCAUGHT_ERRORS = true
# automatic
^D = $(patsubst %/,%,$(dir $^))
# environment
XPC_FLAGS = 0x0
# default
MAKE = $(MAKE_COMMAND)
# default
MAKECMDGOALS := all
# environment
SHLVL = 1
# environment
VSCODE_ESM_ENTRYPOINT = vs/workbench/api/node/extensionHostProcess
# default
MAKE_VERSION := 3.81
# environment
USER = zhiliangyang
# makefile
.DEFAULT_GOAL := build
# makefile (from `Makefile', line 33)
UNAME := Darwin
# automatic
%D = $(patsubst %/,%,$(dir $%))
# default
MAKE_COMMAND := /Applications/Xcode.app/Contents/Developer/usr/bin/make
# makefile (from `Makefile', line 56)
EXE_EXT := 
# default
.VARIABLES := 
# environment
TMPDIR = /var/folders/xq/28rp5nw90dn923p29x9_schw0000gn/T/
# automatic
*F = $(notdir $*)
# environment
VSCODE_IPC_HOOK = /Users/arkSong/Library/Application Support/Windsurf/1.10-main.sock
# environment
MallocNanoZone = 0
# makefile (from `Makefile', line 23)
CARGO := cargo
# makefile
MAKEFLAGS = Rrqp
# environment
MFLAGS = -Rrqp
# automatic
*D = $(patsubst %/,%,$(dir $*))
# environment
XPC_SERVICE_NAME = application.com.exafunction.windsurf.174908524.174908530
# automatic
+D = $(patsubst %/,%,$(dir $+))
# environment
VSCODE_L10N_BUNDLE_LOCATION = 
# automatic
+F = $(notdir $+)
# environment
__CF_USER_TEXT_ENCODING = 0x1F5:0x19:0x34
# environment
COMMAND_MODE = unix2003
# default
MAKEFILES := 
# makefile (from `Makefile', line 35)
DETECTED_OS := macos
# automatic
<F = $(notdir $<)
# environment
LC_ALL = C
# environment
SECURITYSESSIONID = 186b7
# automatic
^F = $(notdir $^)
# default
SUFFIXES := 
# makefile (from `Makefile', line 152)
UI_APP_BUNDLE := /tmp/OpenClawPlus.app
# default
.INCLUDE_DIRS = /usr/local/include
# environment
MAKELEVEL := 0
# environment
LANG = C
# makefile (from `Makefile', line 25)
REGISTRY := /Users/arkSong/workspace/OpenClaw+/registry/index.json
# environment
VSCODE_PID = 716
# variable set hash-table stats:
# Load=77/1024=8%, Rehash=0, Collisions=2/110=2%

# Pattern-specific Variable Values

# No pattern-specific variable values.

# Directories

# . (device 16777232, inode 172390459): 121 files, no impossibilities.

# 121 files, no impossibilities in 1 directories.

# Implicit Rules

# No implicit rules.

# Files

build-windows:
#  Phony target (prerequisite of .PHONY).
#  Implicit rule search has not been done.
#  File does not exist.
#  File has not been updated.
#  commands to execute (from `Makefile', line 74):
	$(CARGO) build --release \
	-p openclaw-security \
	-p openclaw-plugin-gateway \
	-p openclaw-store \
	--target x86_64-pc-windows-gnu
	

build-linux:
#  Phony target (prerequisite of .PHONY).
#  Implicit rule search has not been done.
#  File does not exist.
#  File has not been updated.
#  commands to execute (from `Makefile', line 83):
	$(CARGO) build --release \
	-p openclaw-security \
	-p openclaw-plugin-gateway \
	-p openclaw-store \
	--target x86_64-unknown-linux-musl
	

# Not a target:
all:
#  Command-line target.
#  Implicit rule search has been done.
#  File does not exist.
#  File has not been updated.
# variable set hash-table stats:
# Load=0/32=0%, Rehash=0, Collisions=0/0=0%

.PHONY: build build-windows build-linux check test gateway macos-app store build-ui ui-app ui ui-open run clean fmt clippy smoke help
#  Implicit rule search has not been done.
#  Modification time never checked.
#  File has not been updated.

ui-open: ui-app
#  Phony target (prerequisite of .PHONY).
#  Implicit rule search has not been done.
#  File does not exist.
#  File has not been updated.
#  commands to execute (from `Makefile', line 184):
	@echo "✅  Opening NEW UI .app bundle..."
	open -n $(UI_APP_BUNDLE)
	

macos-app: build
#  Phony target (prerequisite of .PHONY).
#  Implicit rule search has not been done.
#  File does not exist.
#  File has not been updated.
#  commands to execute (from `Makefile', line 121):
	@echo "⚠️  WARNING: This is the OLD UI (openclaw-store)"
	@echo "✅  Please use 'make ui-app' for the NEW UI with CLI Terminal"
	@echo ""
	@echo "Continuing in 3 seconds... Press Ctrl+C to cancel"
	@sleep 3
	mkdir -p $(APP_BUNDLE)/Contents/MacOS $(APP_BUNDLE)/Contents/Resources
	cp $(STORE) $(APP_BUNDLE)/Contents/MacOS/openclaw-store
	@printf '#!/bin/bash\nexport OPENCLAW_GATEWAY_URL=http://127.0.0.1:$(PORT)\nexport CLAWPLUS_REGISTRY_URL=file://$(REGISTRY)\nexport RUST_LOG=info\nDIR="$$(cd "$$(dirname "$$0")" && pwd)"\nexec "$$DIR/openclaw-store" "$$@"\n' \
	> $(APP_BUNDLE)/Contents/MacOS/openclaw-store-launcher
	chmod +x $(APP_BUNDLE)/Contents/MacOS/openclaw-store-launcher
	@printf '<?xml version="1.0" encoding="UTF-8"?>\n<!DOCTYPE plist PUBLIC "-//Apple//DTD PLIST 1.0//EN" "http://www.apple.com/DTDs/PropertyList-1.0.dtd">\n<plist version="1.0"><dict>\n<key>CFBundleExecutable</key><string>openclaw-store-launcher</string>\n<key>CFBundleIdentifier</key><string>dev.clawplus.store</string>\n<key>CFBundleName</key><string>OpenClaw+ Store (OLD)</string>\n<key>CFBundlePackageType</key><string>APPL</string>\n<key>NSHighResolutionCapable</key><true/>\n<key>NSPrincipalClass</key><string>NSApplication</string>\n</dict></plist>\n' \
	> $(APP_BUNDLE)/Contents/Info.plist
	@echo "⚠️  OLD UI App bundle ready: $(APP_BUNDLE)"
	

build-ui:
#  Phony target (prerequisite of .PHONY).
#  Implicit rule search has not been done.
#  File does not exist.
#  File has not been updated.
#  commands to execute (from `Makefile', line 157):
	$(CARGO) build --release -p openclaw-ui
	

# Not a target:
.SUFFIXES:
#  Implicit rule search has not been done.
#  Modification time never checked.
#  File has not been updated.

# Not a target:
Makefile:
#  Implicit rule search has been done.
#  Last modified 2026-03-22 09:55:23
#  File has been updated.
#  Successfully updated.
# variable set hash-table stats:
# Load=0/32=0%, Rehash=0, Collisions=0/0=0%

test:
#  Phony target (prerequisite of .PHONY).
#  Implicit rule search has not been done.
#  File does not exist.
#  File has not been updated.
#  commands to execute (from `Makefile', line 100):
	$(CARGO) test \
	-p openclaw-security \
	-p openclaw-plugin-gateway \
	-p openclaw-store
	

clippy:
#  Phony target (prerequisite of .PHONY).
#  Implicit rule search has not been done.
#  File does not exist.
#  File has not been updated.
#  commands to execute (from `Makefile', line 241):
	$(CARGO) clippy \
	-p openclaw-security \
	-p openclaw-plugin-gateway \
	-p openclaw-store \
	-- -D warnings
	

build:
#  Phony target (prerequisite of .PHONY).
#  Implicit rule search has not been done.
#  File does not exist.
#  File has not been updated.
#  commands to execute (from `Makefile', line 65):
	$(CARGO) build --release \
	-p openclaw-security \
	-p openclaw-plugin-gateway \
	-p openclaw-store
	

smoke:
#  Phony target (prerequisite of .PHONY).
#  Implicit rule search has not been done.
#  File does not exist.
#  File has not been updated.
#  commands to execute (from `Makefile', line 251):
	@echo "=== /health ===" && curl -sf http://127.0.0.1:$(PORT)/health
	@echo "\n=== /ready ===" && curl -sf http://127.0.0.1:$(PORT)/ready
	@echo "\n=== /skills/status ===" && curl -sf http://127.0.0.1:$(PORT)/skills/status
	@echo "\n=== before-skill (file.read) ===" && \
	curl -sf http://127.0.0.1:$(PORT)/hooks/before-skill \
	-X POST -H "Content-Type: application/json" \
	-d '{"invocationId":"smoke-1","skillName":"file.read","sessionId":"smoke","args":{"path":"/tmp/x"},"timestamp":"2026-01-01T00:00:00Z"}'
	@echo "\n=== before-skill (shell.exec — denied) ===" && \
	curl -sf http://127.0.0.1:$(PORT)/hooks/before-skill \
	-X POST -H "Content-Type: application/json" \
	-d '{"invocationId":"smoke-2","skillName":"shell.exec","sessionId":"smoke","args":{"cmd":"ls"},"timestamp":"2026-01-01T00:00:00Z"}'
	@echo "\nSmoke test passed."
	

help:
#  Phony target (prerequisite of .PHONY).
#  Implicit rule search has not been done.
#  File does not exist.
#  File has not been updated.
#  commands to execute (from `Makefile', line 268):
	@echo "OpenClaw+ build system  (detected OS: $(DETECTED_OS))"
	@echo ""
	@echo "Targets:"
	@echo "  build          Release build for current OS"
	@echo "  build-windows  Cross-compile for Windows (x86_64-pc-windows-gnu)"
	@echo "  build-linux    Cross-compile for Linux musl (x86_64-unknown-linux-musl)"
	@echo "  check          Fast cargo check"
	@echo "  test           Run all tests"
	@echo "  gateway        Start plugin gateway (port $(PORT))"
	@echo "  store          Launch store UI"
	@echo "  run            Start gateway + store UI"
	@echo "  fmt            cargo fmt"
	@echo "  clippy         cargo clippy -D warnings"
	@echo "  smoke          HTTP smoke-test (gateway must be running)"
	@echo "  clean          Remove build artefacts"
	@echo ""
	@echo "Override OS detection: make store OS_OVERRIDE=linux|macos|windows"
	

# Not a target:
.DEFAULT:
#  Implicit rule search has not been done.
#  Modification time never checked.
#  File has not been updated.

ui: build-ui
#  Phony target (prerequisite of .PHONY).
#  Implicit rule search has not been done.
#  File does not exist.
#  File has not been updated.
#  commands to execute (from `Makefile', line 176):
	@echo "✅  Launching NEW UI (openclaw-plus)..."
	OPENCLAW_GATEWAY_URL=http://127.0.0.1:$(PORT) \
	RUST_LOG=info \
	$(UI_BINARY)
	

run: ui-app
#  Phony target (prerequisite of .PHONY).
#  Implicit rule search has not been done.
#  File does not exist.
#  File has not been updated.
#  commands to execute (from `Makefile', line 192):
	@echo "Starting plugin gateway on port $(PORT)…"
	OPENCLAW_GATEWAY_URL=http://127.0.0.1:$(PORT) \
	CLAWPLUS_REGISTRY_URL=file://$(REGISTRY) \
	RUST_LOG=info \
	$(GATEWAY) --port $(PORT) &
	@sleep 1
	@echo "✅  Launching NEW UI with CLI Terminal..."
	open -n $(UI_APP_BUNDLE)
	

clean:
#  Phony target (prerequisite of .PHONY).
#  Implicit rule search has not been done.
#  File does not exist.
#  File has not been updated.
#  commands to execute (from `Makefile', line 233):
	$(CARGO) clean
	

fmt:
#  Phony target (prerequisite of .PHONY).
#  Implicit rule search has not been done.
#  File does not exist.
#  File has not been updated.
#  commands to execute (from `Makefile', line 237):
	$(CARGO) fmt --all
	

gateway: build
#  Phony target (prerequisite of .PHONY).
#  Implicit rule search has not been done.
#  File does not exist.
#  File has not been updated.
#  commands to execute (from `Makefile', line 109):
	OPENCLAW_GATEWAY_URL=http://127.0.0.1:$(PORT) \
	CLAWPLUS_REGISTRY_URL=file://$(REGISTRY) \
	RUST_LOG=info \
	$(GATEWAY) --port $(PORT)
	

store:
#  Phony target (prerequisite of .PHONY).
#  Implicit rule search has not been done.
#  File does not exist.
#  File has not been updated.
#  commands to execute (from `Makefile', line 139):
	@echo "⚠️  ERROR: 'make store' is DEPRECATED (old UI)"
	@echo "✅  Please use 'make ui' or 'make ui-app' for the NEW UI"
	@echo ""
	@echo "The new UI includes:"
	@echo "  • CLI Terminal sidebar"
	@echo "  • Improved interface"
	@echo "  • Better performance"
	@exit 1
	

check:
#  Phony target (prerequisite of .PHONY).
#  Implicit rule search has not been done.
#  File does not exist.
#  File has not been updated.
#  commands to execute (from `Makefile', line 91):
	$(CARGO) check \
	-p openclaw-security \
	-p openclaw-plugin-gateway \
	-p openclaw-store
	

ui-app: build-ui
#  Phony target (prerequisite of .PHONY).
#  Implicit rule search has not been done.
#  File does not exist.
#  File has not been updated.
#  commands to execute (from `Makefile', line 162):
	@echo "✅  Creating NEW UI .app bundle with CLI Terminal..."
	mkdir -p $(UI_APP_BUNDLE)/Contents/MacOS $(UI_APP_BUNDLE)/Contents/Resources
	cp $(UI_BINARY) $(UI_APP_BUNDLE)/Contents/MacOS/openclaw-plus
	@printf '#!/bin/bash\nexport OPENCLAW_GATEWAY_URL=http://127.0.0.1:$(PORT)\nexport RUST_LOG=info\nDIR="$$(cd "$$(dirname "$$0")" && pwd)"\nexec "$$DIR/openclaw-plus" "$$@"\n' \
	> $(UI_APP_BUNDLE)/Contents/MacOS/openclaw-plus-launcher
	chmod +x $(UI_APP_BUNDLE)/Contents/MacOS/openclaw-plus-launcher
	@printf '<?xml version="1.0" encoding="UTF-8"?>\n<!DOCTYPE plist PUBLIC "-//Apple//DTD PLIST 1.0//EN" "http://www.apple.com/DTDs/PropertyList-1.0.dtd">\n<plist version="1.0"><dict>\n<key>CFBundleExecutable</key><string>openclaw-plus-launcher</string>\n<key>CFBundleIdentifier</key><string>dev.clawplus.ui</string>\n<key>CFBundleName</key><string>OpenClaw+ UI</string>\n<key>CFBundlePackageType</key><string>APPL</string>\n<key>NSHighResolutionCapable</key><true/>\n<key>NSPrincipalClass</key><string>NSApplication</string>\n</dict></plist>\n' \
	> $(UI_APP_BUNDLE)/Contents/Info.plist
	@echo "✅  NEW UI App bundle ready: $(UI_APP_BUNDLE)"
	@echo "    Features: CLI Terminal, AI Assistant, Security Dashboard"
	

# files hash-table stats:
# Load=23/1024=2%, Rehash=0, Collisions=0/76=0%
# VPATH Search Paths

# No `vpath' search paths.

# No general (`VPATH' variable) search path.

# # of strings in strcache: 1
# # of strcache buffers: 1
# strcache size: total = 4096 / max = 4096 / min = 4096 / avg = 4096
# strcache free: total = 4087 / max = 4087 / min = 4087 / avg = 4087

# Finished Make data base on Thu Mar 26 10:19:27 2026

 
make: *** No rule to make target `all'.  Stop.

